<?xml version="1.0" encoding="UTF-8"?>
<testng-results skipped="0" failed="0" total="1" passed="1">
  <reporter-output>
    <line>
      <![CDATA[print successfully]]>
    </line>
  </reporter-output>
  <suite name="Default suite" duration-ms="28" started-at="2018-06-18T10:42:35Z" finished-at="2018-06-18T10:42:35Z">
    <groups>
    </groups>
    <test name="Default test" duration-ms="28" started-at="2018-06-18T10:42:35Z" finished-at="2018-06-18T10:42:35Z">
      <class name="Cars">
        <test-method status="PASS" signature="create()[pri:0, instance:Cars@ae45eb6]" name="create" duration-ms="12" started-at="2018-06-18T16:12:35Z" finished-at="2018-06-18T16:12:35Z">
          <reporter-output>
            <line>
              <![CDATA[print successfully]]>
            </line>
          </reporter-output>
        </test-method> <!-- create -->
      </class> <!-- Cars -->
    </test> <!-- Default test -->
  </suite> <!-- Default suite -->
</testng-results>
